<?xml version="1.0" encoding="UTF-8"?>
<TestRun id="ce006270-0504-4b3b-b4b8-d6194da17c05" name="user@DELL 2016-11-15 00:08:54" runUser="DELL\user" xmlns="http://microsoft.com/schemas/VisualStudio/TeamTest/2010">
  <TestSettings name="Local" id="27bed1f0-ff6c-4644-9318-6cc4b00c4553">
    <Description>These are default test settings for a local test run.</Description>
    <Deployment enabled="false" runDeploymentRoot="user_DELL 2016-11-15 00_08_54">
      <DeploymentItem filename="C:\Users\user\documents\visual studio 2010\Projects\Algorithms\Algorithms\bin\Debug\Algorithms.exe" />
    </Deployment>
    <Execution>
      <TestTypeSpecific />
      <AgentRule name="Execution Agents">
      </AgentRule>
    </Execution>
  </TestSettings>
  <Times creation="2016-11-15T00:08:54.3806852+07:00" queuing="2016-11-15T00:08:54.6908877+07:00" start="2016-11-15T00:08:54.7259093+07:00" finish="2016-11-15T00:09:22.6801724+07:00" />
  <ResultSummary outcome="Aborted">
    <Counters total="1" executed="1" error="0" failed="0" timeout="0" aborted="1" inconclusive="0" passedButRunAborted="0" notRunnable="0" notExecuted="0" disconnected="0" warning="0" passed="0" completed="0" inProgress="0" pending="0" />
  </ResultSummary>
  <TestDefinitions>
    <UnitTest name="QuickSortTest" storage="c:\users\user\documents\visual studio 2010\projects\algorithms\algorithms.test\bin\debug\algorithms.test.dll" id="b43ad40b-1627-ac4c-506a-7f78237bcf68">
      <Execution id="683b7f35-5146-41fe-bf44-cfff2903571c" />
      <TestMethod codeBase="C:/Users/user/documents/visual studio 2010/Projects/Algorithms/Algorithms.Test/bin/Debug/Algorithms.Test.DLL" adapterTypeName="Microsoft.VisualStudio.TestTools.TestTypes.Unit.UnitTestAdapter, Microsoft.VisualStudio.QualityTools.Tips.UnitTest.Adapter, Version=10.0.0.0, Culture=neutral, PublicKeyToken=b03f5f7f11d50a3a" className="Algorithms.Test.AlgorithmsTest, Algorithms.Test, Version=1.0.0.0, Culture=neutral, PublicKeyToken=null" name="QuickSortTest" />
    </UnitTest>
  </TestDefinitions>
  <TestLists>
    <TestList name="Results Not in a List" id="8c84fa94-04c1-424b-9868-57a2d4851a1d" />
    <TestList name="All Loaded Results" id="19431567-8539-422a-85d7-44ee4e166bda" />
  </TestLists>
  <TestEntries>
    <TestEntry testId="b43ad40b-1627-ac4c-506a-7f78237bcf68" executionId="683b7f35-5146-41fe-bf44-cfff2903571c" testListId="8c84fa94-04c1-424b-9868-57a2d4851a1d" />
  </TestEntries>
  <Results>
    <UnitTestResult executionId="683b7f35-5146-41fe-bf44-cfff2903571c" testId="b43ad40b-1627-ac4c-506a-7f78237bcf68" testName="QuickSortTest" computerName="DELL" duration="00:00:22.2415522" startTime="2016-11-15T00:08:54.7369205+07:00" endTime="2016-11-15T00:09:16.9784727+07:00" testType="13cdc9d9-ddb5-4fa4-a97d-d965ccfc6d4b" outcome="Aborted" testListId="8c84fa94-04c1-424b-9868-57a2d4851a1d" relativeResultsDirectory="683b7f35-5146-41fe-bf44-cfff2903571c">
      <Output>
        <ErrorInfo>
          <Message>User aborted test run.</Message>
        </ErrorInfo>
      </Output>
    </UnitTestResult>
  </Results>
</TestRun>