<?xml version="1.0" encoding="UTF-8"?>
<TestRun id="7019d077-8894-4ddb-a6a6-d3c79d29c788" name="user@DELL 2016-11-13 13:33:44" runUser="DELL\user" xmlns="http://microsoft.com/schemas/VisualStudio/TeamTest/2010">
  <TestSettings name="Local" id="27bed1f0-ff6c-4644-9318-6cc4b00c4553">
    <Description>These are default test settings for a local test run.</Description>
    <Deployment enabled="false" runDeploymentRoot="user_DELL 2016-11-13 13_33_44">
      <DeploymentItem filename="c:\users\user\documents\visual studio 2010\Projects\Algorithms\Algorithms\bin\Debug\Algorithms.exe" />
    </Deployment>
    <Execution>
      <TestTypeSpecific />
      <AgentRule name="Execution Agents">
      </AgentRule>
    </Execution>
  </TestSettings>
  <Times creation="2016-11-13T13:33:44.7186105+07:00" queuing="2016-11-13T13:33:44.7245948+07:00" start="2016-11-13T13:33:44.7295987+07:00" finish="2016-11-13T13:33:44.9777743+07:00" />
  <ResultSummary outcome="Completed">
    <Counters total="1" executed="1" passed="1" error="0" failed="0" timeout="0" aborted="0" inconclusive="0" passedButRunAborted="0" notRunnable="0" notExecuted="0" disconnected="0" warning="0" completed="0" inProgress="0" pending="0" />
  </ResultSummary>
  <TestDefinitions>
    <UnitTest name="ReverseStringTest" storage="c:\users\user\documents\visual studio 2010\projects\algorithms\algorithms.test\bin\debug\algorithms.test.dll" id="2bd44898-3e35-e696-3392-ae15ea1a4e49">
      <Execution id="3164423c-6fb1-4b24-9b57-5f9608139b3e" />
      <TestMethod codeBase="c:/users/user/documents/visual studio 2010/Projects/Algorithms/Algorithms.Test/bin/Debug/Algorithms.Test.DLL" adapterTypeName="Microsoft.VisualStudio.TestTools.TestTypes.Unit.UnitTestAdapter, Microsoft.VisualStudio.QualityTools.Tips.UnitTest.Adapter, Version=10.0.0.0, Culture=neutral, PublicKeyToken=b03f5f7f11d50a3a" className="Algorithms.Test.AlgorithmsTest, Algorithms.Test, Version=1.0.0.0, Culture=neutral, PublicKeyToken=null" name="ReverseStringTest" />
    </UnitTest>
  </TestDefinitions>
  <TestLists>
    <TestList name="Results Not in a List" id="8c84fa94-04c1-424b-9868-57a2d4851a1d" />
    <TestList name="All Loaded Results" id="19431567-8539-422a-85d7-44ee4e166bda" />
  </TestLists>
  <TestEntries>
    <TestEntry testId="2bd44898-3e35-e696-3392-ae15ea1a4e49" executionId="3164423c-6fb1-4b24-9b57-5f9608139b3e" testListId="8c84fa94-04c1-424b-9868-57a2d4851a1d" />
  </TestEntries>
  <Results>
    <UnitTestResult executionId="3164423c-6fb1-4b24-9b57-5f9608139b3e" testId="2bd44898-3e35-e696-3392-ae15ea1a4e49" testName="ReverseStringTest" computerName="DELL" duration="00:00:00.0158066" startTime="2016-11-13T13:33:44.7366045+07:00" endTime="2016-11-13T13:33:44.9627633+07:00" testType="13cdc9d9-ddb5-4fa4-a97d-d965ccfc6d4b" outcome="Passed" testListId="8c84fa94-04c1-424b-9868-57a2d4851a1d" relativeResultsDirectory="3164423c-6fb1-4b24-9b57-5f9608139b3e">
    </UnitTestResult>
  </Results>
</TestRun>