<?xml version="1.0" encoding="UTF-8"?>
<TestRun id="76cf8c24-03be-4f0b-94c9-02302845ac7a" name="user@DELL 2016-11-13 13:33:40" runUser="DELL\user" xmlns="http://microsoft.com/schemas/VisualStudio/TeamTest/2010">
  <TestSettings name="Local" id="27bed1f0-ff6c-4644-9318-6cc4b00c4553">
    <Description>These are default test settings for a local test run.</Description>
    <Deployment enabled="false" runDeploymentRoot="user_DELL 2016-11-13 13_33_40">
      <DeploymentItem filename="c:\users\user\documents\visual studio 2010\Projects\Algorithms\Algorithms\bin\Debug\Algorithms.exe" />
    </Deployment>
    <Execution>
      <TestTypeSpecific />
      <AgentRule name="Execution Agents">
      </AgentRule>
    </Execution>
  </TestSettings>
  <Times creation="2016-11-13T13:33:40.2904488+07:00" queuing="2016-11-13T13:33:40.2954497+07:00" start="2016-11-13T13:33:40.3024543+07:00" finish="2016-11-13T13:33:40.5065993+07:00" />
  <ResultSummary outcome="Completed">
    <Counters total="1" executed="1" passed="1" error="0" failed="0" timeout="0" aborted="0" inconclusive="0" passedButRunAborted="0" notRunnable="0" notExecuted="0" disconnected="0" warning="0" completed="0" inProgress="0" pending="0" />
  </ResultSummary>
  <TestDefinitions>
    <UnitTest name="ReverseString2Test" storage="c:\users\user\documents\visual studio 2010\projects\algorithms\algorithms.test\bin\debug\algorithms.test.dll" id="82cc09f3-8a52-889a-3266-3686974adf64">
      <Execution id="4e3bdb68-3980-4088-afe4-6ed6a0ff0b7a" />
      <TestMethod codeBase="c:/users/user/documents/visual studio 2010/Projects/Algorithms/Algorithms.Test/bin/Debug/Algorithms.Test.DLL" adapterTypeName="Microsoft.VisualStudio.TestTools.TestTypes.Unit.UnitTestAdapter, Microsoft.VisualStudio.QualityTools.Tips.UnitTest.Adapter, Version=10.0.0.0, Culture=neutral, PublicKeyToken=b03f5f7f11d50a3a" className="Algorithms.Test.AlgorithmsTest, Algorithms.Test, Version=1.0.0.0, Culture=neutral, PublicKeyToken=null" name="ReverseString2Test" />
    </UnitTest>
  </TestDefinitions>
  <TestLists>
    <TestList name="Results Not in a List" id="8c84fa94-04c1-424b-9868-57a2d4851a1d" />
    <TestList name="All Loaded Results" id="19431567-8539-422a-85d7-44ee4e166bda" />
  </TestLists>
  <TestEntries>
    <TestEntry testId="82cc09f3-8a52-889a-3266-3686974adf64" executionId="4e3bdb68-3980-4088-afe4-6ed6a0ff0b7a" testListId="8c84fa94-04c1-424b-9868-57a2d4851a1d" />
  </TestEntries>
  <Results>
    <UnitTestResult executionId="4e3bdb68-3980-4088-afe4-6ed6a0ff0b7a" testId="82cc09f3-8a52-889a-3266-3686974adf64" testName="ReverseString2Test" computerName="DELL" duration="00:00:00.0138728" startTime="2016-11-13T13:33:40.3104612+07:00" endTime="2016-11-13T13:33:40.4925893+07:00" testType="13cdc9d9-ddb5-4fa4-a97d-d965ccfc6d4b" outcome="Passed" testListId="8c84fa94-04c1-424b-9868-57a2d4851a1d" relativeResultsDirectory="4e3bdb68-3980-4088-afe4-6ed6a0ff0b7a">
    </UnitTestResult>
  </Results>
</TestRun>