<?xml version="1.0" encoding="UTF-8"?>
<TestRun id="0a6adbbf-2eb1-4f7d-8e41-dca5d4b20346" name="user@DELL 2016-11-15 00:20:15" runUser="DELL\user" xmlns="http://microsoft.com/schemas/VisualStudio/TeamTest/2010">
  <TestSettings name="Local" id="27bed1f0-ff6c-4644-9318-6cc4b00c4553">
    <Description>These are default test settings for a local test run.</Description>
    <Deployment enabled="false" runDeploymentRoot="user_DELL 2016-11-15 00_20_15">
      <DeploymentItem filename="C:\Users\user\documents\visual studio 2010\Projects\Algorithms\Algorithms\bin\Debug\Algorithms.exe" />
    </Deployment>
    <Execution>
      <TestTypeSpecific />
      <AgentRule name="Execution Agents">
      </AgentRule>
    </Execution>
  </TestSettings>
  <Times creation="2016-11-15T00:20:15.1745156+07:00" queuing="2016-11-15T00:20:15.1825068+07:00" start="2016-11-15T00:20:15.1895085+07:00" finish="2016-11-15T00:20:15.5207438+07:00" />
  <ResultSummary outcome="Failed">
    <Counters total="1" executed="1" error="0" failed="1" timeout="0" aborted="0" inconclusive="0" passedButRunAborted="0" notRunnable="0" notExecuted="0" disconnected="0" warning="0" passed="0" completed="0" inProgress="0" pending="0" />
  </ResultSummary>
  <TestDefinitions>
    <UnitTest name="QuickSortTest" storage="c:\users\user\documents\visual studio 2010\projects\algorithms\algorithms.test\bin\debug\algorithms.test.dll" id="b43ad40b-1627-ac4c-506a-7f78237bcf68">
      <Execution id="b180a54d-2820-4ca4-8673-328c0d0ad2b0" />
      <TestMethod codeBase="C:/Users/user/documents/visual studio 2010/Projects/Algorithms/Algorithms.Test/bin/Debug/Algorithms.Test.DLL" adapterTypeName="Microsoft.VisualStudio.TestTools.TestTypes.Unit.UnitTestAdapter, Microsoft.VisualStudio.QualityTools.Tips.UnitTest.Adapter, Version=10.0.0.0, Culture=neutral, PublicKeyToken=b03f5f7f11d50a3a" className="Algorithms.Test.AlgorithmsTest, Algorithms.Test, Version=1.0.0.0, Culture=neutral, PublicKeyToken=null" name="QuickSortTest" />
    </UnitTest>
  </TestDefinitions>
  <TestLists>
    <TestList name="Results Not in a List" id="8c84fa94-04c1-424b-9868-57a2d4851a1d" />
    <TestList name="All Loaded Results" id="19431567-8539-422a-85d7-44ee4e166bda" />
  </TestLists>
  <TestEntries>
    <TestEntry testId="b43ad40b-1627-ac4c-506a-7f78237bcf68" executionId="b180a54d-2820-4ca4-8673-328c0d0ad2b0" testListId="8c84fa94-04c1-424b-9868-57a2d4851a1d" />
  </TestEntries>
  <Results>
    <UnitTestResult executionId="b180a54d-2820-4ca4-8673-328c0d0ad2b0" testId="b43ad40b-1627-ac4c-506a-7f78237bcf68" testName="QuickSortTest" computerName="DELL" duration="00:00:00.0621401" startTime="2016-11-15T00:20:15.2125251+07:00" endTime="2016-11-15T00:20:15.5017305+07:00" testType="13cdc9d9-ddb5-4fa4-a97d-d965ccfc6d4b" outcome="Failed" testListId="8c84fa94-04c1-424b-9868-57a2d4851a1d" relativeResultsDirectory="b180a54d-2820-4ca4-8673-328c0d0ad2b0">
      <Output>
        <ErrorInfo>
          <Message>Assert.AreEqual failed. Expected:&lt;System.Int32[]&gt;. Actual:&lt;System.Int32[]&gt;. </Message>
          <StackTrace>   at Algorithms.Test.AlgorithmsTest.QuickSortTest() in C:\Users\user\documents\visual studio 2010\Projects\Algorithms\Algorithms.Test\AlgorithmsTest.cs:line 490
</StackTrace>
        </ErrorInfo>
      </Output>
    </UnitTestResult>
  </Results>
</TestRun>