<?xml version="1.0" encoding="UTF-8"?>
<TestRun id="cc6d0ac6-f884-496e-85eb-0a2f50d154c9" name="user@DELL 2016-11-13 13:26:49" runUser="DELL\user" xmlns="http://microsoft.com/schemas/VisualStudio/TeamTest/2010">
  <TestSettings name="Local" id="27bed1f0-ff6c-4644-9318-6cc4b00c4553">
    <Description>These are default test settings for a local test run.</Description>
    <Deployment enabled="false" runDeploymentRoot="user_DELL 2016-11-13 13_26_49">
      <DeploymentItem filename="c:\users\user\documents\visual studio 2010\Projects\Algorithms\Algorithms\bin\Debug\Algorithms.exe" />
    </Deployment>
    <Execution>
      <TestTypeSpecific />
      <AgentRule name="Execution Agents">
      </AgentRule>
    </Execution>
  </TestSettings>
  <Times creation="2016-11-13T13:26:49.4428829+07:00" queuing="2016-11-13T13:26:50.7958527+07:00" start="2016-11-13T13:26:50.9669854+07:00" finish="2016-11-13T13:27:31.9097876+07:00" />
  <ResultSummary outcome="Error">
    <Counters total="1" executed="1" error="0" failed="0" timeout="0" aborted="1" inconclusive="0" passedButRunAborted="0" notRunnable="0" notExecuted="0" disconnected="0" warning="0" passed="0" completed="0" inProgress="0" pending="0" />
    <RunInfos>
      <RunInfo computerName="DELL" outcome="Error" timestamp="2016-11-13T13:27:31.8207240+07:00">
        <Text>Test host process exited unexpectedly.</Text>
      </RunInfo>
    </RunInfos>
  </ResultSummary>
  <TestDefinitions>
    <UnitTest name="ReverseString2Test" storage="c:\users\user\documents\visual studio 2010\projects\algorithms\algorithms.test\bin\debug\algorithms.test.dll" id="82cc09f3-8a52-889a-3266-3686974adf64">
      <Execution id="870374ca-fe69-43c8-a1d2-da38f02eb1e5" />
      <TestMethod codeBase="c:/users/user/documents/visual studio 2010/Projects/Algorithms/Algorithms.Test/bin/Debug/Algorithms.Test.DLL" adapterTypeName="Microsoft.VisualStudio.TestTools.TestTypes.Unit.UnitTestAdapter, Microsoft.VisualStudio.QualityTools.Tips.UnitTest.Adapter, Version=10.0.0.0, Culture=neutral, PublicKeyToken=b03f5f7f11d50a3a" className="Algorithms.Test.AlgorithmsTest, Algorithms.Test, Version=1.0.0.0, Culture=neutral, PublicKeyToken=null" name="ReverseString2Test" />
    </UnitTest>
  </TestDefinitions>
  <TestLists>
    <TestList name="Results Not in a List" id="8c84fa94-04c1-424b-9868-57a2d4851a1d" />
    <TestList name="All Loaded Results" id="19431567-8539-422a-85d7-44ee4e166bda" />
  </TestLists>
  <TestEntries>
    <TestEntry testId="82cc09f3-8a52-889a-3266-3686974adf64" executionId="870374ca-fe69-43c8-a1d2-da38f02eb1e5" testListId="8c84fa94-04c1-424b-9868-57a2d4851a1d" />
  </TestEntries>
  <Results>
    <UnitTestResult executionId="870374ca-fe69-43c8-a1d2-da38f02eb1e5" testId="82cc09f3-8a52-889a-3266-3686974adf64" testName="ReverseString2Test" computerName="DELL" duration="00:00:40.8237349" startTime="2016-11-13T13:26:51.0860527+07:00" endTime="2016-11-13T13:27:31.9097876+07:00" testType="13cdc9d9-ddb5-4fa4-a97d-d965ccfc6d4b" outcome="Aborted" testListId="8c84fa94-04c1-424b-9868-57a2d4851a1d" relativeResultsDirectory="870374ca-fe69-43c8-a1d2-da38f02eb1e5">
    </UnitTestResult>
  </Results>
</TestRun>