<?xml version="1.0" encoding="UTF-8"?>
<TestRun id="25b15328-b95f-4839-ba8e-0df34ea112a3" name="user@DELL 2016-11-14 21:54:50" runUser="DELL\user" xmlns="http://microsoft.com/schemas/VisualStudio/TeamTest/2010">
  <TestSettings name="Local" id="27bed1f0-ff6c-4644-9318-6cc4b00c4553">
    <Description>These are default test settings for a local test run.</Description>
    <Deployment enabled="false" runDeploymentRoot="user_DELL 2016-11-14 21_54_50">
      <DeploymentItem filename="c:\users\user\documents\visual studio 2010\Projects\Algorithms\Algorithms\bin\Debug\Algorithms.exe" />
    </Deployment>
    <Execution>
      <TestTypeSpecific />
      <AgentRule name="Execution Agents">
      </AgentRule>
    </Execution>
  </TestSettings>
  <Times creation="2016-11-14T21:54:50.2552479+07:00" queuing="2016-11-14T21:54:50.8036361+07:00" start="2016-11-14T21:54:50.9067092+07:00" finish="2016-11-14T21:55:05.9581515+07:00" />
  <ResultSummary outcome="Completed">
    <Counters total="1" executed="1" passed="1" error="0" failed="0" timeout="0" aborted="0" inconclusive="0" passedButRunAborted="0" notRunnable="0" notExecuted="0" disconnected="0" warning="0" completed="0" inProgress="0" pending="0" />
  </ResultSummary>
  <TestDefinitions>
    <UnitTest name="BinarySearchTest" storage="c:\users\user\documents\visual studio 2010\projects\algorithms\algorithms.test\bin\debug\algorithms.test.dll" id="d5ccd228-062a-56a5-865a-526ff2ca45ae">
      <Execution id="b6780868-ded7-4de2-906f-b731686b44f2" />
      <TestMethod codeBase="C:/Users/user/documents/visual studio 2010/Projects/Algorithms/Algorithms.Test/bin/Debug/Algorithms.Test.DLL" adapterTypeName="Microsoft.VisualStudio.TestTools.TestTypes.Unit.UnitTestAdapter, Microsoft.VisualStudio.QualityTools.Tips.UnitTest.Adapter, Version=10.0.0.0, Culture=neutral, PublicKeyToken=b03f5f7f11d50a3a" className="Algorithms.Test.AlgorithmsTest, Algorithms.Test, Version=1.0.0.0, Culture=neutral, PublicKeyToken=null" name="BinarySearchTest" />
    </UnitTest>
  </TestDefinitions>
  <TestLists>
    <TestList name="Results Not in a List" id="8c84fa94-04c1-424b-9868-57a2d4851a1d" />
    <TestList name="All Loaded Results" id="19431567-8539-422a-85d7-44ee4e166bda" />
  </TestLists>
  <TestEntries>
    <TestEntry testId="d5ccd228-062a-56a5-865a-526ff2ca45ae" executionId="b6780868-ded7-4de2-906f-b731686b44f2" testListId="8c84fa94-04c1-424b-9868-57a2d4851a1d" />
  </TestEntries>
  <Results>
    <UnitTestResult executionId="b6780868-ded7-4de2-906f-b731686b44f2" testId="d5ccd228-062a-56a5-865a-526ff2ca45ae" testName="BinarySearchTest" computerName="DELL" duration="00:00:14.4845099" startTime="2016-11-14T21:54:51.0177873+07:00" endTime="2016-11-14T21:55:05.9131192+07:00" testType="13cdc9d9-ddb5-4fa4-a97d-d965ccfc6d4b" outcome="Passed" testListId="8c84fa94-04c1-424b-9868-57a2d4851a1d" relativeResultsDirectory="b6780868-ded7-4de2-906f-b731686b44f2">
    </UnitTestResult>
  </Results>
</TestRun>