<?xml version="1.0" encoding="UTF-8"?>
<TestRun id="da489e01-5497-4632-8ec9-01ddfc62400d" name="user@DELL 2016-11-13 13:21:40" runUser="DELL\user" xmlns="http://microsoft.com/schemas/VisualStudio/TeamTest/2010">
  <TestSettings name="Local" id="27bed1f0-ff6c-4644-9318-6cc4b00c4553">
    <Description>These are default test settings for a local test run.</Description>
    <Deployment enabled="false" runDeploymentRoot="user_DELL 2016-11-13 13_21_40">
      <DeploymentItem filename="c:\users\user\documents\visual studio 2010\Projects\Algorithms\Algorithms\bin\Debug\Algorithms.exe" />
    </Deployment>
    <Execution>
      <TestTypeSpecific />
      <AgentRule name="Execution Agents">
      </AgentRule>
    </Execution>
  </TestSettings>
  <Times creation="2016-11-13T13:21:40.1829010+07:00" queuing="2016-11-13T13:21:40.2309351+07:00" start="2016-11-13T13:21:40.2359371+07:00" finish="2016-11-13T13:21:40.4941211+07:00" />
  <ResultSummary outcome="Completed">
    <Counters total="1" executed="1" passed="1" error="0" failed="0" timeout="0" aborted="0" inconclusive="0" passedButRunAborted="0" notRunnable="0" notExecuted="0" disconnected="0" warning="0" completed="0" inProgress="0" pending="0" />
  </ResultSummary>
  <TestDefinitions>
    <UnitTest name="CompareStringTest" storage="c:\users\user\documents\visual studio 2010\projects\algorithms\algorithms.test\bin\debug\algorithms.test.dll" id="bd512ea5-02f7-360c-ed7d-eb898daacd21">
      <Execution id="b93bb2b8-ab4a-4524-a55a-158387330bea" />
      <TestMethod codeBase="c:/users/user/documents/visual studio 2010/Projects/Algorithms/Algorithms.Test/bin/Debug/Algorithms.Test.DLL" adapterTypeName="Microsoft.VisualStudio.TestTools.TestTypes.Unit.UnitTestAdapter, Microsoft.VisualStudio.QualityTools.Tips.UnitTest.Adapter, Version=10.0.0.0, Culture=neutral, PublicKeyToken=b03f5f7f11d50a3a" className="Algorithms.Test.AlgorithmsTest, Algorithms.Test, Version=1.0.0.0, Culture=neutral, PublicKeyToken=null" name="CompareStringTest" />
    </UnitTest>
  </TestDefinitions>
  <TestLists>
    <TestList name="Results Not in a List" id="8c84fa94-04c1-424b-9868-57a2d4851a1d" />
    <TestList name="All Loaded Results" id="19431567-8539-422a-85d7-44ee4e166bda" />
  </TestLists>
  <TestEntries>
    <TestEntry testId="bd512ea5-02f7-360c-ed7d-eb898daacd21" executionId="b93bb2b8-ab4a-4524-a55a-158387330bea" testListId="8c84fa94-04c1-424b-9868-57a2d4851a1d" />
  </TestEntries>
  <Results>
    <UnitTestResult executionId="b93bb2b8-ab4a-4524-a55a-158387330bea" testId="bd512ea5-02f7-360c-ed7d-eb898daacd21" testName="CompareStringTest" computerName="DELL" duration="00:00:00.0180749" startTime="2016-11-13T13:21:40.2429424+07:00" endTime="2016-11-13T13:21:40.4691042+07:00" testType="13cdc9d9-ddb5-4fa4-a97d-d965ccfc6d4b" outcome="Passed" testListId="8c84fa94-04c1-424b-9868-57a2d4851a1d" relativeResultsDirectory="b93bb2b8-ab4a-4524-a55a-158387330bea">
    </UnitTestResult>
  </Results>
</TestRun>