<?xml version="1.0" encoding="UTF-8"?>
<TestRun id="c354f2b0-13f5-4cf9-9528-dfcdabc988d8" name="user@DELL 2016-11-15 00:19:13" runUser="DELL\user" xmlns="http://microsoft.com/schemas/VisualStudio/TeamTest/2010">
  <TestSettings name="Local" id="27bed1f0-ff6c-4644-9318-6cc4b00c4553">
    <Description>These are default test settings for a local test run.</Description>
    <Deployment enabled="false" runDeploymentRoot="user_DELL 2016-11-15 00_19_13">
      <DeploymentItem filename="C:\Users\user\documents\visual studio 2010\Projects\Algorithms\Algorithms\bin\Debug\Algorithms.exe" />
    </Deployment>
    <Execution>
      <TestTypeSpecific />
      <AgentRule name="Execution Agents">
      </AgentRule>
    </Execution>
  </TestSettings>
  <Times creation="2016-11-15T00:19:13.0801033+07:00" queuing="2016-11-15T00:19:13.2582131+07:00" start="2016-11-15T00:19:13.2872335+07:00" finish="2016-11-15T00:19:13.7805847+07:00" />
  <ResultSummary outcome="Failed">
    <Counters total="1" executed="1" error="0" failed="1" timeout="0" aborted="0" inconclusive="0" passedButRunAborted="0" notRunnable="0" notExecuted="0" disconnected="0" warning="0" passed="0" completed="0" inProgress="0" pending="0" />
  </ResultSummary>
  <TestDefinitions>
    <UnitTest name="QuickSortTest" storage="c:\users\user\documents\visual studio 2010\projects\algorithms\algorithms.test\bin\debug\algorithms.test.dll" id="b43ad40b-1627-ac4c-506a-7f78237bcf68">
      <Execution id="d8effb01-3256-44e3-af50-a9ab3b6b9137" />
      <TestMethod codeBase="C:/Users/user/documents/visual studio 2010/Projects/Algorithms/Algorithms.Test/bin/Debug/Algorithms.Test.DLL" adapterTypeName="Microsoft.VisualStudio.TestTools.TestTypes.Unit.UnitTestAdapter, Microsoft.VisualStudio.QualityTools.Tips.UnitTest.Adapter, Version=10.0.0.0, Culture=neutral, PublicKeyToken=b03f5f7f11d50a3a" className="Algorithms.Test.AlgorithmsTest, Algorithms.Test, Version=1.0.0.0, Culture=neutral, PublicKeyToken=null" name="QuickSortTest" />
    </UnitTest>
  </TestDefinitions>
  <TestLists>
    <TestList name="Results Not in a List" id="8c84fa94-04c1-424b-9868-57a2d4851a1d" />
    <TestList name="All Loaded Results" id="19431567-8539-422a-85d7-44ee4e166bda" />
  </TestLists>
  <TestEntries>
    <TestEntry testId="b43ad40b-1627-ac4c-506a-7f78237bcf68" executionId="d8effb01-3256-44e3-af50-a9ab3b6b9137" testListId="8c84fa94-04c1-424b-9868-57a2d4851a1d" />
  </TestEntries>
  <Results>
    <UnitTestResult executionId="d8effb01-3256-44e3-af50-a9ab3b6b9137" testId="b43ad40b-1627-ac4c-506a-7f78237bcf68" testName="QuickSortTest" computerName="DELL" duration="00:00:00.1472081" startTime="2016-11-15T00:19:13.3012440+07:00" endTime="2016-11-15T00:19:13.7455595+07:00" testType="13cdc9d9-ddb5-4fa4-a97d-d965ccfc6d4b" outcome="Failed" testListId="8c84fa94-04c1-424b-9868-57a2d4851a1d" relativeResultsDirectory="d8effb01-3256-44e3-af50-a9ab3b6b9137">
      <Output>
        <ErrorInfo>
          <Message>Test method Algorithms.Test.AlgorithmsTest.QuickSortTest threw exception: 
System.IndexOutOfRangeException: Index was outside the bounds of the array.</Message>
          <StackTrace>    at Algorithms.Algorithms.Partition(Int32[] numbers, Int32 minIdx, Int32 maxIdx) in C:\Users\user\documents\visual studio 2010\Projects\Algorithms\Algorithms\Algorithms.cs:line 347
   at Algorithms.Algorithms.QuickSort(Int32[] arr, Int32 minIdx, Int32 maxIdx) in C:\Users\user\documents\visual studio 2010\Projects\Algorithms\Algorithms\Algorithms.cs:line 328
   at Algorithms.Test.AlgorithmsTest.QuickSortTest() in C:\Users\user\documents\visual studio 2010\Projects\Algorithms\Algorithms.Test\AlgorithmsTest.cs:line 489
</StackTrace>
        </ErrorInfo>
      </Output>
    </UnitTestResult>
  </Results>
</TestRun>